[19:58:13] [main/WARN]: Failed to add PDH Counter: \Paging File(_Total)\% Usage, Error code: 0xC0000BB8
[19:58:13] [main/WARN]: Failed to add counter for PDH counter: \Paging File(_Total)\% Usage
[19:58:13] [main/WARN]: Disabling further attempts to query Paging File.
[19:58:21] [main/WARN]: COM exception: Invalid Query: SELECT PERCENTUSAGE FROM Win32_PerfRawData_PerfOS_PagingFile
[19:58:59] [Render thread/INFO]: Environment: ElyEnvironment[name=ely,authHost=https://authserver.ely.by/auth,accountsHost=https://account.ely.by/api/mojang,sessionHost=https://account.ely.by/api/minecraft/session,servicesHost=<null>]
[19:58:59] [Render thread/INFO]: Setting user: aritz331_
[19:59:00] [Render thread/INFO]: Backend library: LWJGL version 3.2.2 build 10
[19:59:13] [Render thread/INFO]: Narrator library for x64 successfully loaded
[19:59:14] [Render thread/INFO]: Reloading ResourceManager: Default
[19:59:19] [Realms Notification Availability checker #1/INFO]: Could not authorize you against Realms server: Invalid session id
[19:59:35] [Render thread/INFO]: OpenAL initialized.
[19:59:35] [Render thread/INFO]: Sound engine started
[19:59:36] [Render thread/INFO]: Created: 1024x1024x4 minecraft:textures/atlas/blocks.png-atlas
[19:59:36] [Render thread/INFO]: Created: 256x128x4 minecraft:textures/atlas/signs.png-atlas
[19:59:37] [Render thread/INFO]: Created: 1024x512x4 minecraft:textures/atlas/banner_patterns.png-atlas
[19:59:37] [Render thread/INFO]: Created: 1024x512x4 minecraft:textures/atlas/shield_patterns.png-atlas
[19:59:37] [Render thread/INFO]: Created: 256x256x4 minecraft:textures/atlas/chest.png-atlas
[19:59:37] [Render thread/INFO]: Created: 512x256x4 minecraft:textures/atlas/beds.png-atlas
[19:59:37] [Render thread/INFO]: Created: 512x256x4 minecraft:textures/atlas/shulker_boxes.png-atlas
[19:59:41] [Render thread/INFO]: Created: 256x256x0 minecraft:textures/atlas/particles.png-atlas
[19:59:41] [Render thread/INFO]: Created: 256x256x0 minecraft:textures/atlas/paintings.png-atlas
[19:59:41] [Render thread/INFO]: Created: 256x128x0 minecraft:textures/atlas/mob_effects.png-atlas
[20:00:05] [Render thread/WARN]: Ambiguity between arguments [teleport, location] and [teleport, destination] with inputs: [0.1 -0.5 .9, 0 0 0]
[20:00:05] [Render thread/WARN]: Ambiguity between arguments [teleport, location] and [teleport, targets] with inputs: [0.1 -0.5 .9, 0 0 0]
[20:00:05] [Render thread/WARN]: Ambiguity between arguments [teleport, destination] and [teleport, targets] with inputs: [Player, 0123, @e, dd12be42-52a9-4a91-a8a1-11c01849e498]
[20:00:05] [Render thread/WARN]: Ambiguity between arguments [teleport, targets] and [teleport, destination] with inputs: [Player, 0123, dd12be42-52a9-4a91-a8a1-11c01849e498]
[20:00:05] [Render thread/WARN]: Ambiguity between arguments [teleport, targets, location] and [teleport, targets, destination] with inputs: [0.1 -0.5 .9, 0 0 0]
[20:00:05] [Render thread/INFO]: Reloading ResourceManager: Default
[20:00:07] [Render thread/INFO]: Loaded 7 recipes
[20:00:08] [Render thread/INFO]: Loaded 1137 advancements
[20:00:11] [Render thread/INFO]: Environment: ElyEnvironment[name=ely,authHost=https://authserver.ely.by/auth,accountsHost=https://account.ely.by/api/mojang,sessionHost=https://account.ely.by/api/minecraft/session,servicesHost=<null>]
[20:00:11] [Server thread/INFO]: Starting integrated minecraft server version 1.17.1
[20:00:11] [Server thread/INFO]: Generating keypair
[20:00:14] [Server thread/WARN]: Unable to find spawn biome
[20:00:39] [Server thread/INFO]: Preparing start region for dimension minecraft:overworld
[20:00:40] [Render thread/INFO]: Preparing spawn area: 18%
[20:00:40] [Render thread/INFO]: Preparing spawn area: 18%
[20:00:41] [Render thread/INFO]: Preparing spawn area: 18%
[20:00:41] [Render thread/INFO]: Preparing spawn area: 18%
[20:00:41] [Render thread/INFO]: Preparing spawn area: 18%
[20:00:42] [Render thread/INFO]: Preparing spawn area: 18%
[20:00:42] [Render thread/INFO]: Preparing spawn area: 18%
[20:00:43] [Render thread/INFO]: Preparing spawn area: 19%
[20:00:43] [Render thread/INFO]: Preparing spawn area: 19%
[20:00:44] [Render thread/INFO]: Preparing spawn area: 19%
[20:00:44] [Render thread/INFO]: Preparing spawn area: 20%
[20:00:45] [Render thread/INFO]: Preparing spawn area: 20%
[20:00:45] [Render thread/INFO]: Preparing spawn area: 21%
[20:00:46] [Render thread/INFO]: Preparing spawn area: 21%
[20:00:46] [Render thread/INFO]: Preparing spawn area: 21%
[20:00:47] [Render thread/INFO]: Preparing spawn area: 21%
[20:00:47] [Render thread/INFO]: Preparing spawn area: 21%
[20:00:48] [Render thread/INFO]: Preparing spawn area: 24%
[20:00:48] [Render thread/INFO]: Preparing spawn area: 24%
[20:00:49] [Render thread/INFO]: Preparing spawn area: 24%
[20:00:49] [Render thread/INFO]: Preparing spawn area: 24%
[20:00:50] [Render thread/INFO]: Preparing spawn area: 24%
[20:00:50] [Render thread/INFO]: Preparing spawn area: 24%
[20:00:51] [Render thread/INFO]: Preparing spawn area: 24%
[20:00:51] [Render thread/INFO]: Preparing spawn area: 24%
[20:00:52] [Render thread/INFO]: Preparing spawn area: 24%
[20:00:52] [Render thread/INFO]: Preparing spawn area: 24%
[20:00:53] [Render thread/INFO]: Preparing spawn area: 31%
[20:00:53] [Render thread/INFO]: Preparing spawn area: 33%
[20:00:54] [Render thread/INFO]: Preparing spawn area: 33%
[20:00:54] [Render thread/INFO]: Preparing spawn area: 33%
[20:00:55] [Render thread/INFO]: Preparing spawn area: 33%
[20:00:55] [Render thread/INFO]: Preparing spawn area: 33%
[20:00:56] [Render thread/INFO]: Preparing spawn area: 33%
[20:00:56] [Render thread/INFO]: Preparing spawn area: 33%
[20:00:57] [Render thread/INFO]: Preparing spawn area: 33%
[20:00:57] [Render thread/INFO]: Preparing spawn area: 33%
[20:00:58] [Render thread/INFO]: Preparing spawn area: 41%
[20:00:58] [Render thread/INFO]: Preparing spawn area: 41%
[20:00:59] [Render thread/INFO]: Preparing spawn area: 41%
[20:00:59] [Render thread/INFO]: Preparing spawn area: 41%
[20:01:00] [Render thread/INFO]: Preparing spawn area: 41%
[20:01:00] [Render thread/INFO]: Preparing spawn area: 41%
[20:01:01] [Render thread/INFO]: Preparing spawn area: 41%
[20:01:01] [Render thread/INFO]: Preparing spawn area: 48%
[20:01:02] [Render thread/INFO]: Preparing spawn area: 48%
[20:01:02] [Render thread/INFO]: Preparing spawn area: 48%
[20:01:03] [Render thread/INFO]: Preparing spawn area: 48%
[20:01:03] [Render thread/INFO]: Preparing spawn area: 48%
[20:01:04] [Render thread/INFO]: Preparing spawn area: 48%
[20:01:04] [Render thread/INFO]: Preparing spawn area: 48%
[20:01:05] [Render thread/INFO]: Preparing spawn area: 48%
[20:01:05] [Render thread/INFO]: Preparing spawn area: 48%
