[20:25:13] [main/WARN]: Failed to add PDH Counter: \Paging File(_Total)\% Usage, Error code: 0xC0000BB8
[20:25:13] [main/WARN]: Failed to add counter for PDH counter: \Paging File(_Total)\% Usage
[20:25:13] [main/WARN]: Disabling further attempts to query Paging File.
[20:25:15] [main/WARN]: COM exception: Invalid Query: SELECT PERCENTUSAGE FROM Win32_PerfRawData_PerfOS_PagingFile
[20:25:26] [Render thread/INFO]: Environment: ElyEnvironment[name=ely,authHost=https://authserver.ely.by/auth,accountsHost=https://account.ely.by/api/mojang,sessionHost=https://account.ely.by/api/minecraft/session,servicesHost=<null>]
[20:25:26] [Render thread/INFO]: Setting user: artitretryha
[20:25:26] [Render thread/INFO]: Backend library: LWJGL version 3.2.2 build 10
[20:25:34] [Render thread/INFO]: Narrator library for x64 successfully loaded
[20:25:35] [Render thread/INFO]: Reloading ResourceManager: Default
[20:25:38] [Realms Notification Availability checker #1/INFO]: Could not authorize you against Realms server: Invalid session id
[20:25:51] [Render thread/INFO]: OpenAL initialized.
[20:25:51] [Render thread/INFO]: Sound engine started
[20:25:52] [Render thread/INFO]: Created: 1024x1024x0 minecraft:textures/atlas/blocks.png-atlas
[20:25:52] [Render thread/INFO]: Created: 256x128x0 minecraft:textures/atlas/signs.png-atlas
[20:25:52] [Render thread/INFO]: Created: 1024x512x0 minecraft:textures/atlas/banner_patterns.png-atlas
[20:25:52] [Render thread/INFO]: Created: 1024x512x0 minecraft:textures/atlas/shield_patterns.png-atlas
[20:25:52] [Render thread/INFO]: Created: 256x256x0 minecraft:textures/atlas/chest.png-atlas
[20:25:52] [Render thread/INFO]: Created: 512x256x0 minecraft:textures/atlas/beds.png-atlas
[20:25:52] [Render thread/INFO]: Created: 512x256x0 minecraft:textures/atlas/shulker_boxes.png-atlas
[20:25:56] [Render thread/INFO]: Created: 256x256x0 minecraft:textures/atlas/particles.png-atlas
[20:25:56] [Render thread/INFO]: Created: 256x256x0 minecraft:textures/atlas/paintings.png-atlas
[20:25:56] [Render thread/INFO]: Created: 256x128x0 minecraft:textures/atlas/mob_effects.png-atlas
[20:26:08] [Render thread/INFO]: Stopping!
